TN:
SF:src/App.jsx
FN:5,(anonymous_0)
FNF:1
FNH:0
FNDA:0,(anonymous_0)
DA:5,0
DA:6,0
LF:2
LH:0
BRF:0
BRH:0
end_of_record
TN:
SF:src/router.jsx
FNF:0
FNH:0
DA:5,0
DA:16,0
LF:2
LH:0
BRF:0
BRH:0
end_of_record
TN:
SF:src/api/api.js
FN:12,(anonymous_0)
FN:20,(anonymous_1)
FN:27,(anonymous_2)
FN:30,(anonymous_3)
FNF:4
FNH:0
FNDA:0,(anonymous_0)
FNDA:0,(anonymous_1)
FNDA:0,(anonymous_2)
FNDA:0,(anonymous_3)
DA:3,0
DA:11,0
DA:13,0
DA:14,0
DA:15,0
DA:18,0
DA:21,0
DA:22,0
DA:26,0
DA:28,0
DA:31,0
DA:32,0
DA:33,0
DA:34,0
DA:35,0
DA:37,0
DA:40,0
LF:17
LH:0
BRDA:4,0,0,0
BRDA:4,0,1,0
BRDA:14,1,0,0
BRDA:14,1,1,0
BRDA:31,2,0,0
BRDA:31,2,1,0
BRDA:34,3,0,0
BRDA:34,3,1,0
BRF:8
BRH:0
end_of_record
TN:
SF:src/components/EmptyState/index.jsx
FN:1,(anonymous_0)
FNF:1
FNH:1
FNDA:19,(anonymous_0)
DA:1,4
DA:2,19
LF:2
LH:2
BRF:0
BRH:0
end_of_record
TN:
SF:src/components/FilterLoading/index.jsx
FN:4,(anonymous_0)
FN:13,(anonymous_1)
FN:15,(anonymous_2)
FN:16,(anonymous_3)
FN:22,(anonymous_4)
FN:26,(anonymous_5)
FNF:6
FNH:4
FNDA:34,(anonymous_0)
FNDA:18,(anonymous_1)
FNDA:0,(anonymous_2)
FNDA:0,(anonymous_3)
FNDA:16,(anonymous_4)
FNDA:18,(anonymous_5)
DA:4,4
DA:10,34
DA:11,34
DA:13,34
DA:14,18
DA:15,16
DA:16,0
DA:17,0
DA:18,0
DA:22,16
DA:26,34
DA:27,18
DA:28,3
DA:29,15
DA:30,13
DA:34,34
DA:36,32
LF:17
LH:14
BRDA:5,0,0,1
BRDA:6,1,0,1
BRDA:7,2,0,3
BRDA:8,3,0,3
BRDA:14,4,0,16
BRDA:14,4,1,2
BRDA:14,5,0,18
BRDA:14,5,1,4
BRDA:17,6,0,0
BRDA:17,6,1,0
BRDA:27,7,0,3
BRDA:27,7,1,15
BRDA:29,8,0,13
BRDA:29,8,1,2
BRDA:34,9,0,2
BRDA:34,9,1,32
BRDA:34,10,0,34
BRDA:34,10,1,6
BRDA:56,11,0,6
BRDA:56,11,1,26
BRDA:62,12,0,32
BRDA:62,12,1,6
BRF:22
BRH:20
end_of_record
TN:
SF:src/components/FiltersSidebar/index.jsx
FN:1,(anonymous_0)
FN:98,(anonymous_1)
FN:140,(anonymous_2)
FN:144,(anonymous_3)
FN:171,(anonymous_4)
FN:175,(anonymous_5)
FN:207,(anonymous_6)
FN:239,(anonymous_7)
FN:253,(anonymous_8)
FN:289,(anonymous_9)
FNF:10
FNH:9
FNDA:29,(anonymous_0)
FNDA:1,(anonymous_1)
FNDA:1,(anonymous_2)
FNDA:83,(anonymous_3)
FNDA:1,(anonymous_4)
FNDA:83,(anonymous_5)
FNDA:0,(anonymous_6)
FNDA:1,(anonymous_7)
FNDA:1,(anonymous_8)
FNDA:1,(anonymous_9)
DA:1,2
DA:12,29
DA:98,1
DA:140,1
DA:145,83
DA:171,1
DA:176,83
DA:207,0
DA:239,1
DA:253,1
DA:289,1
LF:11
LH:10
BRDA:8,0,0,0
BRDA:9,1,0,1
BRDA:10,2,0,1
BRDA:13,3,0,2
BRDA:13,3,1,27
BRDA:16,4,0,2
BRDA:16,4,1,27
BRDA:19,5,0,2
BRDA:19,5,1,27
BRDA:46,6,0,29
BRDA:46,6,1,2
BRDA:46,6,2,1
BRDA:100,7,0,2
BRDA:100,7,1,27
BRDA:101,8,0,2
BRDA:101,8,1,27
BRDA:206,9,0,29
BRDA:206,9,1,28
BRDA:211,10,0,29
BRDA:211,10,1,28
BRDA:216,11,0,29
BRDA:216,11,1,28
BRDA:226,12,0,29
BRDA:226,12,1,28
BRDA:241,13,0,2
BRDA:241,13,1,27
BRDA:255,14,0,2
BRDA:255,14,1,27
BRF:28
BRH:27
end_of_record
TN:
SF:src/components/LoadingSpinner/index.jsx
FN:3,(anonymous_0)
FN:11,(anonymous_1)
FN:26,(anonymous_2)
FN:43,(anonymous_3)
FNF:4
FNH:4
FNDA:32,(anonymous_0)
FNDA:32,(anonymous_1)
FNDA:32,(anonymous_2)
FNDA:32,(anonymous_3)
DA:3,4
DA:11,32
DA:12,32
DA:14,0
DA:16,0
DA:18,32
DA:20,0
DA:22,0
DA:26,32
DA:27,32
DA:29,32
DA:31,0
DA:33,0
DA:35,0
DA:37,0
DA:39,0
DA:43,32
DA:44,32
DA:45,32
DA:47,32
DA:49,32
DA:51,0
DA:53,0
DA:57,0
DA:61,32
LF:25
LH:13
BRDA:4,0,0,0
BRDA:5,1,0,0
BRDA:6,2,0,0
BRDA:7,3,0,0
BRDA:8,4,0,0
BRDA:9,5,0,0
BRDA:12,6,0,0
BRDA:12,6,1,0
BRDA:12,6,2,32
BRDA:12,6,3,0
BRDA:12,6,4,0
BRDA:27,7,0,32
BRDA:27,7,1,0
BRDA:27,7,2,0
BRDA:27,7,3,0
BRDA:27,7,4,0
BRDA:27,7,5,0
BRDA:47,8,0,32
BRDA:47,8,1,0
BRDA:47,8,2,0
BRDA:47,8,3,0
BRDA:67,9,0,32
BRDA:67,9,1,32
BRDA:71,10,0,32
BRDA:71,10,1,0
BRDA:71,10,2,0
BRF:26
BRH:6
end_of_record
TN:
SF:src/components/ProductCard/index.jsx
FN:4,(anonymous_0)
FN:34,(anonymous_1)
FNF:2
FNH:2
FNDA:13,(anonymous_0)
FNDA:65,(anonymous_1)
DA:4,3
DA:5,13
DA:35,65
DA:123,3
LF:4
LH:4
BRDA:38,0,0,51
BRDA:38,0,1,14
BRF:2
BRH:2
end_of_record
TN:
SF:src/components/ProductImage/index.jsx
FN:3,(anonymous_0)
FN:7,(anonymous_1)
FNF:2
FNH:1
FNDA:13,(anonymous_0)
FNDA:0,(anonymous_1)
DA:3,3
DA:4,13
DA:5,13
DA:7,13
DA:8,0
DA:9,0
DA:10,0
DA:16,13
LF:8
LH:5
BRDA:8,0,0,0
BRDA:8,0,1,0
BRF:2
BRH:0
end_of_record
TN:
SF:src/components/ProductsGrid/index.jsx
FN:8,(anonymous_0)
FN:17,(anonymous_1)
FN:55,(anonymous_2)
FNF:3
FNH:3
FNDA:19,(anonymous_0)
FNDA:19,(anonymous_1)
FNDA:20,(anonymous_2)
DA:7,4
DA:17,19
DA:18,19
DA:21,19
DA:22,6
DA:25,13
DA:26,5
DA:36,8
DA:37,2
DA:49,6
DA:56,20
DA:63,4
LF:12
LH:12
BRDA:11,0,0,4
BRDA:12,1,0,4
BRDA:13,2,0,4
BRDA:14,3,0,4
BRDA:15,4,0,7
BRDA:18,5,0,19
BRDA:18,5,1,3
BRDA:18,5,2,3
BRDA:21,6,0,6
BRDA:21,6,1,13
BRDA:21,7,0,19
BRDA:21,7,1,16
BRDA:21,7,2,7
BRDA:21,7,3,6
BRDA:25,8,0,5
BRDA:25,8,1,8
BRDA:25,9,0,13
BRDA:25,9,1,9
BRDA:36,10,0,2
BRDA:36,10,1,6
BRDA:54,11,0,6
BRDA:54,11,1,6
BRF:22
BRH:22
end_of_record
TN:
SF:src/components/SortPanel/index.jsx
FN:1,(anonymous_0)
FN:38,(anonymous_1)
FNF:2
FNH:2
FNDA:16,(anonymous_0)
FNDA:3,(anonymous_1)
DA:1,2
DA:2,16
DA:38,3
LF:3
LH:3
BRDA:13,0,0,3
BRDA:13,0,1,13
BRF:2
BRH:2
end_of_record
TN:
SF:src/components/VirtualizedProductsGrid/index.jsx
FN:6,(anonymous_0)
FN:21,(anonymous_1)
FN:25,(anonymous_2)
FN:33,(anonymous_3)
FN:40,(anonymous_4)
FN:42,(anonymous_5)
FN:47,(anonymous_6)
FN:49,(anonymous_7)
FN:54,(anonymous_8)
FN:92,(anonymous_9)
FN:114,(anonymous_10)
FN:117,(anonymous_11)
FNF:12
FNH:12
FNDA:33,(anonymous_0)
FNDA:17,(anonymous_1)
FNDA:8,(anonymous_2)
FNDA:3,(anonymous_3)
FNDA:4,(anonymous_4)
FNDA:4,(anonymous_5)
FNDA:1,(anonymous_6)
FNDA:1,(anonymous_7)
FNDA:26,(anonymous_8)
FNDA:260,(anonymous_9)
FNDA:86,(anonymous_10)
FNDA:3,(anonymous_11)
DA:6,3
DA:14,33
DA:16,33
DA:17,33
DA:18,33
DA:19,33
DA:21,33
DA:22,17
DA:25,33
DA:26,8
DA:32,33
DA:34,3
DA:35,3
DA:40,33
DA:41,4
DA:42,4
DA:43,4
DA:47,33
DA:48,1
DA:49,1
DA:50,1
DA:54,33
DA:55,26
DA:56,26
DA:58,26
DA:59,25
DA:60,67
DA:63,1
DA:64,1
DA:66,1
DA:67,5
DA:71,26
DA:74,33
DA:75,1
DA:78,32
DA:79,2
DA:89,30
DA:93,260
DA:115,86
DA:117,3
LF:40
LH:40
BRDA:9,0,0,0
BRDA:10,1,0,0
BRDA:11,2,0,0
BRDA:12,3,0,0
BRDA:41,4,0,4
BRDA:41,4,1,0
BRDA:48,5,0,1
BRDA:48,5,1,0
BRDA:58,6,0,25
BRDA:58,6,1,1
BRDA:74,7,0,1
BRDA:74,7,1,32
BRDA:74,8,0,33
BRDA:74,8,1,1
BRDA:74,8,2,1
BRDA:78,9,0,2
BRDA:78,9,1,30
BRDA:78,10,0,32
BRDA:78,10,1,31
BRDA:97,11,0,30
BRDA:97,11,1,29
BRDA:119,12,0,29
BRDA:119,12,1,57
BRF:23
BRH:17
end_of_record
TN:
SF:src/components/layout/Header/index.jsx
FN:1,(anonymous_0)
FNF:1
FNH:1
FNDA:7,(anonymous_0)
DA:1,1
DA:2,7
DA:3,7
DA:5,7
LF:4
LH:4
BRDA:1,0,0,1
BRDA:2,1,0,7
BRDA:2,1,1,3
BRDA:3,2,0,1
BRDA:3,2,1,6
BRF:5
BRH:5
end_of_record
TN:
SF:src/constants/filters.js
FNF:0
FNH:0
DA:1,7
DA:11,7
DA:18,7
DA:28,7
LF:4
LH:4
BRF:0
BRH:0
end_of_record
TN:
SF:src/hooks/useDebounce.js
FN:3,(anonymous_0)
FN:6,(anonymous_1)
FN:7,(anonymous_2)
FN:11,(anonymous_3)
FN:19,(anonymous_4)
FN:24,(anonymous_5)
FN:28,(anonymous_6)
FN:40,(anonymous_7)
FN:44,(anonymous_8)
FN:49,(anonymous_9)
FN:58,(anonymous_10)
FN:59,(anonymous_11)
FNF:12
FNH:4
FNDA:24,(anonymous_0)
FNDA:18,(anonymous_1)
FNDA:6,(anonymous_2)
FNDA:18,(anonymous_3)
FNDA:0,(anonymous_4)
FNDA:0,(anonymous_5)
FNDA:0,(anonymous_6)
FNDA:0,(anonymous_7)
FNDA:0,(anonymous_8)
FNDA:0,(anonymous_9)
FNDA:0,(anonymous_10)
FNDA:0,(anonymous_11)
DA:3,1
DA:4,24
DA:6,24
DA:7,18
DA:8,6
DA:11,18
DA:12,18
DA:16,24
DA:19,1
DA:20,0
DA:21,0
DA:22,0
DA:24,0
DA:25,0
DA:28,0
DA:29,0
DA:32,0
DA:40,1
DA:41,0
DA:43,0
DA:45,0
DA:46,0
DA:49,0
DA:50,0
DA:53,0
DA:58,0
DA:59,0
DA:60,0
DA:61,0
DA:66,0
LF:30
LH:10
BRDA:19,0,0,0
BRDA:40,1,0,0
BRDA:45,2,0,0
BRDA:45,2,1,0
BRDA:60,3,0,0
BRDA:60,3,1,0
BRF:6
BRH:0
end_of_record
TN:
SF:src/hooks/useMobileFilter.js
FN:3,(anonymous_0)
FN:7,(anonymous_1)
FN:8,(anonymous_2)
FN:15,(anonymous_3)
FN:18,(anonymous_4)
FN:19,(anonymous_5)
FN:32,(anonymous_6)
FN:38,(anonymous_7)
FN:39,(anonymous_8)
FN:40,(anonymous_9)
FNF:10
FNH:8
FNDA:19,(anonymous_0)
FNDA:9,(anonymous_1)
FNDA:9,(anonymous_2)
FNDA:9,(anonymous_3)
FNDA:19,(anonymous_4)
FNDA:0,(anonymous_5)
FNDA:19,(anonymous_6)
FNDA:0,(anonymous_7)
FNDA:2,(anonymous_8)
FNDA:11,(anonymous_9)
DA:3,1
DA:4,19
DA:5,19
DA:7,19
DA:8,9
DA:9,9
DA:12,9
DA:13,9
DA:15,9
DA:18,19
DA:19,19
DA:20,0
DA:21,0
DA:25,19
DA:26,6
DA:27,6
DA:29,13
DA:32,19
DA:33,19
DA:34,19
DA:38,19
DA:39,19
DA:40,19
DA:42,19
LF:24
LH:22
BRDA:20,0,0,0
BRDA:20,0,1,0
BRDA:20,1,0,0
BRDA:20,1,1,0
BRDA:25,2,0,6
BRDA:25,2,1,13
BRF:6
BRH:2
end_of_record
TN:
SF:src/hooks/useProductFilters.js
FN:11,(anonymous_0)
FN:21,(anonymous_1)
FN:37,(anonymous_2)
FN:51,(anonymous_3)
FN:60,(anonymous_4)
FN:63,(anonymous_5)
FN:68,(anonymous_6)
FN:73,(anonymous_7)
FN:74,(anonymous_8)
FN:84,(anonymous_9)
FN:88,(anonymous_10)
FN:92,(anonymous_11)
FNF:12
FNH:12
FNDA:485,(anonymous_0)
FNDA:138,(anonymous_1)
FNDA:253,(anonymous_2)
FNDA:241,(anonymous_3)
FNDA:29,(anonymous_4)
FNDA:26,(anonymous_5)
FNDA:129,(anonymous_6)
FNDA:174,(anonymous_7)
FNDA:174,(anonymous_8)
FNDA:7,(anonymous_9)
FNDA:144,(anonymous_10)
FNDA:227,(anonymous_11)
DA:11,7
DA:12,485
DA:14,485
DA:15,485
DA:17,485
DA:19,485
DA:21,485
DA:22,138
DA:23,37
DA:30,101
DA:37,485
DA:38,253
DA:40,213
DA:45,213
DA:46,213
DA:48,213
DA:51,485
DA:52,241
DA:53,112
DA:54,112
DA:55,112
DA:58,129
DA:60,129
DA:61,29
DA:63,29
DA:64,26
DA:68,129
DA:69,129
DA:73,485
DA:74,174
DA:75,174
DA:77,168
DA:84,485
DA:85,7
DA:88,485
DA:89,144
DA:92,485
DA:93,227
DA:99,485
LF:39
LH:39
BRDA:14,0,0,485
BRDA:14,0,1,18
BRDA:22,1,0,37
BRDA:22,1,1,101
BRDA:22,2,0,138
BRDA:22,2,1,132
BRDA:38,3,0,40
BRDA:38,3,1,213
BRDA:38,4,0,253
BRDA:38,4,1,244
BRDA:52,5,0,112
BRDA:52,5,1,129
BRDA:75,6,0,6
BRDA:75,6,1,168
BRDA:94,7,0,227
BRDA:94,7,1,130
BRF:16
BRH:16
end_of_record
TN:
SF:src/hooks/useProducts.js
FN:4,(anonymous_0)
FN:8,(anonymous_1)
FN:10,(anonymous_2)
FN:11,(anonymous_3)
FN:13,(anonymous_4)
FN:14,(anonymous_5)
FNF:6
FNH:0
FNDA:0,(anonymous_0)
FNDA:0,(anonymous_1)
FNDA:0,(anonymous_2)
FNDA:0,(anonymous_3)
FNDA:0,(anonymous_4)
FNDA:0,(anonymous_5)
DA:4,0
DA:5,0
DA:7,0
DA:8,0
DA:10,0
DA:11,0
DA:13,0
DA:14,0
DA:20,0
LF:9
LH:0
BRF:0
BRH:0
end_of_record
TN:
SF:src/pages/Home/index.jsx
FN:11,(anonymous_0)
FN:124,(anonymous_1)
FN:149,(anonymous_2)
FNF:3
FNH:0
FNDA:0,(anonymous_0)
FNDA:0,(anonymous_1)
FNDA:0,(anonymous_2)
DA:11,0
DA:12,0
DA:21,0
DA:24,0
DA:28,0
DA:125,0
DA:126,0
DA:149,0
LF:8
LH:0
BRDA:37,0,0,0
BRDA:37,0,1,0
BRDA:61,1,0,0
BRDA:61,1,1,0
BRDA:61,1,2,0
BRDA:74,2,0,0
BRDA:74,2,1,0
BRDA:107,3,0,0
BRDA:107,3,1,0
BRDA:150,4,0,0
BRDA:150,4,1,0
BRF:11
BRH:0
end_of_record
TN:
SF:src/pages/NotFound/index.jsx
FN:3,(anonymous_0)
FN:17,(anonymous_1)
FN:24,(anonymous_2)
FNF:3
FNH:0
FNDA:0,(anonymous_0)
FNDA:0,(anonymous_1)
FNDA:0,(anonymous_2)
DA:3,0
DA:4,0
DA:17,0
DA:24,0
LF:4
LH:0
BRF:0
BRH:0
end_of_record
TN:
SF:src/utils/filterHelpers.js
FN:1,(anonymous_0)
FN:3,(anonymous_1)
FN:16,(anonymous_2)
FN:45,(anonymous_3)
FN:54,(anonymous_4)
FN:59,(anonymous_5)
FN:62,(anonymous_6)
FN:65,(anonymous_7)
FN:74,(anonymous_8)
FN:91,(anonymous_9)
FNF:10
FNH:10
FNDA:10,(anonymous_0)
FNDA:31,(anonymous_1)
FNDA:45,(anonymous_2)
FNDA:7,(anonymous_3)
FNDA:9,(anonymous_4)
FNDA:8,(anonymous_5)
FNDA:9,(anonymous_6)
FNDA:9,(anonymous_7)
FNDA:4,(anonymous_8)
FNDA:4,(anonymous_9)
DA:1,1
DA:2,10
DA:4,31
DA:7,10
DA:8,1
DA:11,9
DA:12,9
DA:13,9
DA:14,9
DA:16,9
DA:17,45
DA:18,13
DA:21,32
DA:22,4
DA:25,28
DA:26,4
DA:29,24
DA:30,4
DA:33,20
DA:34,3
DA:37,17
DA:38,2
DA:41,15
DA:45,1
DA:46,7
DA:47,1
DA:50,6
DA:52,6
DA:54,3
DA:55,9
DA:57,3
DA:59,8
DA:60,1
DA:62,9
DA:63,1
DA:65,9
DA:66,1
DA:68,0
DA:71,6
DA:74,1
DA:75,4
DA:77,3
DA:78,3
DA:80,3
DA:81,14
DA:82,14
DA:83,10
DA:84,10
DA:88,3
DA:91,1
DA:92,4
DA:93,1
DA:96,3
DA:97,3
DA:99,3
DA:100,6
DA:101,6
DA:102,6
DA:105,3
LF:59
LH:58
BRDA:4,0,0,31
BRDA:4,0,1,31
BRDA:4,0,2,31
BRDA:4,0,3,9
BRDA:7,1,0,1
BRDA:7,1,1,9
BRDA:11,2,0,3
BRDA:11,2,1,6
BRDA:12,3,0,2
BRDA:12,3,1,7
BRDA:13,4,0,2
BRDA:13,4,1,7
BRDA:14,5,0,2
BRDA:14,5,1,7
BRDA:17,6,0,13
BRDA:17,6,1,32
BRDA:17,7,0,45
BRDA:17,7,1,15
BRDA:21,8,0,4
BRDA:21,8,1,28
BRDA:21,9,0,32
BRDA:21,9,1,10
BRDA:25,10,0,4
BRDA:25,10,1,24
BRDA:25,11,0,28
BRDA:25,11,1,5
BRDA:29,12,0,4
BRDA:29,12,1,20
BRDA:29,13,0,24
BRDA:29,13,1,8
BRDA:33,14,0,3
BRDA:33,14,1,17
BRDA:33,15,0,20
BRDA:33,15,1,7
BRDA:37,16,0,2
BRDA:37,16,1,15
BRDA:37,17,0,17
BRDA:37,17,1,6
BRDA:46,18,0,1
BRDA:46,18,1,6
BRDA:46,19,0,7
BRDA:46,19,1,7
BRDA:52,20,0,3
BRDA:52,20,1,1
BRDA:52,20,2,1
BRDA:52,20,3,1
BRDA:52,20,4,0
BRDA:75,21,0,1
BRDA:75,21,1,3
BRDA:75,22,0,4
BRDA:75,22,1,4
BRDA:82,23,0,10
BRDA:82,23,1,4
BRDA:82,24,0,14
BRDA:82,24,1,12
BRDA:92,25,0,1
BRDA:92,25,1,3
BRDA:92,26,0,4
BRDA:92,26,1,4
BRDA:101,27,0,1
BRDA:101,27,1,5
BRDA:102,28,0,1
BRDA:102,28,1,5
BRF:63
BRH:62
end_of_record
TN:
SF:src/utils/performanceMonitor.js
FN:11,(anonymous_0)
FN:29,(anonymous_1)
FN:33,(anonymous_2)
FN:44,(anonymous_3)
FN:54,(anonymous_4)
FN:55,(anonymous_5)
FN:58,(anonymous_6)
FNF:7
FNH:0
FNDA:0,(anonymous_0)
FNDA:0,(anonymous_1)
FNDA:0,(anonymous_2)
FNDA:0,(anonymous_3)
FNDA:0,(anonymous_4)
FNDA:0,(anonymous_5)
FNDA:0,(anonymous_6)
DA:3,0
DA:11,0
DA:12,0
DA:13,0
DA:15,0
DA:16,0
DA:17,0
DA:19,0
DA:22,0
DA:24,0
DA:25,0
DA:28,0
DA:29,0
DA:33,0
DA:44,0
DA:45,0
DA:54,0
DA:55,0
DA:57,0
DA:59,0
DA:64,0
LF:21
LH:0
BRDA:11,0,0,0
BRDA:16,1,0,0
BRDA:16,1,1,0
BRDA:24,2,0,0
BRDA:24,2,1,0
BRDA:36,3,0,0
BRDA:36,3,1,0
BRDA:58,4,0,0
BRF:8
BRH:0
end_of_record
